Sending request with random headers...
Status Code: 200
Response (first 500 chars): [{"co":"VN000000AAA4","s":"AAA","cei":8390,"flo":7310,"ref":7850,"c":7810,"mv":224400,"h":7860,"l":7800,"frbv":10100,"frsv":5100,"frcrr":387504428,"vo":639500,"va":5005.606,"op":7830,"avgp":7827.374511336982,"trsttc":"20","trsttg":"2","orgn":"Công ty Cổ phần Nhựa An Phát Xanh","enorgn":"An Phat Bioplastics Joint Stock Company","bp1":7810,"bv1":106300,"bp2":7800,"bv2":121200,"bp3":7790,"bv3":45700,"ap1":7840,"av1":500,"ap2":7850,"av2":24700,"ap3":7860,"av3":12200,"ptv":0,"pta":0,"st":"STOCK","bo"
Saved VIC data to /Users/nguyentrunganhonichan/Documents/Hierarchical-Risk-Parity/datasets/stocks/VIC.csv
Saved VNM data to /Users/nguyentrunganhonichan/Documents/Hierarchical-Risk-Parity/datasets/stocks/VNM.csv
Saved FPT data to /Users/nguyentrunganhonichan/Documents/Hierarchical-Risk-Parity/datasets/stocks/FPT.csv
Data retrieved:
           time   open   high    low  close   volume
0    2015-07-22  34.76  35.35  34.46  35.35   490550
1    2015-07-23  35.65  36.84  35.65  36.24  1141320
2    2015-07-24  36.54  36.54  35.95  36.24   406120
3    2015-07-27  35.95  36.24  35.65  36.24   325470
4    2015-07-28  36.24  36.54  35.95  35.95   341670
...         ...    ...    ...    ...    ...      ...
2641 2026-02-09  69.40  70.40  69.30  69.60  2573300
2642 2026-02-10  69.60  70.50  68.10  68.40  5090400
2643 2026-02-11  68.40  69.90  68.40  69.10  2672900
2644 2026-02-12  69.30  69.80  69.00  69.00  1951100
2645 2026-02-13  69.00  69.80  68.60  69.50  3341400

[2646 rows x 6 columns]
           time    open    high     low   close   volume
0    2015-07-22   11.70   12.05   11.64   12.02  1978850
1    2015-07-23   12.02   12.15   11.91   11.91  1096080
2    2015-07-24   11.99   11.99   11.78   11.83   752000
3    2015-07-27   11.88   11.97   11.80   11.88  1634930
4    2015-07-28   11.94   12.13   11.83   11.83  2556060
...         ...     ...     ...     ...     ...      ...
2641 2026-02-09  132.80  133.30  129.50  132.30  2803700
2642 2026-02-10  132.50  141.50  132.30  141.50  6103600
2643 2026-02-11  148.00  151.30  147.00  150.80  5289000
2644 2026-02-12  154.80  160.80  152.00  159.00  4346600
2645 2026-02-13  161.90  164.10  152.00  160.00  5436200

[2646 rows x 6 columns]
           time   open   high    low  close    volume
0    2015-07-22   8.09   8.25   8.08   8.25    455030
1    2015-07-23   8.24   8.50   8.24   8.34   2140450
2    2015-07-24   8.38   8.48   8.38   8.45   1217830
3    2015-07-27   8.50   8.79   8.48   8.70   1865720
4    2015-07-28   8.70   8.70   8.56   8.56    634450
...         ...    ...    ...    ...    ...       ...
2641 2026-02-09  98.80  99.40  97.90  99.00   5108600
2642 2026-02-10  99.90  99.90  97.30  97.80   6113500
2643 2026-02-11  98.20  99.50  97.40  98.60   5507500
2644 2026-02-12  99.00  99.20  98.40  98.80   4125200
2645 2026-02-13  98.10  98.50  96.30  96.30  18508400

[2646 rows x 6 columns]
